[28-Nov-2021 02:57:44 Europe/Berlin] PHP Warning:  include(ipn_listener.php): Failed to open stream: No such file or directory in D:\Epita\Gotta-Go-Hack\#1\Dokini\pages\confirm.php on line 34
[28-Nov-2021 02:57:44 Europe/Berlin] PHP Warning:  include(): Failed opening 'ipn_listener.php' for inclusion (include_path='C:\xampp\php\PEAR') in D:\Epita\Gotta-Go-Hack\#1\Dokini\pages\confirm.php on line 34
[28-Nov-2021 02:57:44 Europe/Berlin] PHP Fatal error:  Uncaught Error: Class "IpnListener" not found in D:\Epita\Gotta-Go-Hack\#1\Dokini\pages\confirm.php:35
Stack trace:
#0 {main}
  thrown in D:\Epita\Gotta-Go-Hack\#1\Dokini\pages\confirm.php on line 35
[28-Nov-2021 02:58:03 Europe/Berlin] PHP Warning:  include(ipn_listener.php): Failed to open stream: No such file or directory in D:\Epita\Gotta-Go-Hack\#1\Dokini\pages\confirm.php on line 34
[28-Nov-2021 02:58:03 Europe/Berlin] PHP Warning:  include(): Failed opening 'ipn_listener.php' for inclusion (include_path='C:\xampp\php\PEAR') in D:\Epita\Gotta-Go-Hack\#1\Dokini\pages\confirm.php on line 34
[28-Nov-2021 02:58:03 Europe/Berlin] PHP Fatal error:  Uncaught Error: Class "IpnListener" not found in D:\Epita\Gotta-Go-Hack\#1\Dokini\pages\confirm.php:35
Stack trace:
#0 {main}
  thrown in D:\Epita\Gotta-Go-Hack\#1\Dokini\pages\confirm.php on line 35
[28-Nov-2021 03:38:02 Europe/Berlin] PHP Warning:  include(ipn_listener.php): Failed to open stream: No such file or directory in D:\Epita\Gotta-Go-Hack\#1\Dokini\pages\confirm.php on line 34
[28-Nov-2021 03:38:02 Europe/Berlin] PHP Warning:  include(): Failed opening 'ipn_listener.php' for inclusion (include_path='C:\xampp\php\PEAR') in D:\Epita\Gotta-Go-Hack\#1\Dokini\pages\confirm.php on line 34
[28-Nov-2021 03:38:02 Europe/Berlin] PHP Fatal error:  Uncaught Error: Class "IpnListener" not found in D:\Epita\Gotta-Go-Hack\#1\Dokini\pages\confirm.php:35
Stack trace:
#0 {main}
  thrown in D:\Epita\Gotta-Go-Hack\#1\Dokini\pages\confirm.php on line 35
[28-Nov-2021 03:38:37 Europe/Berlin] PHP Warning:  include(./ipn_listener.php): Failed to open stream: No such file or directory in D:\Epita\Gotta-Go-Hack\#1\Dokini\pages\confirm.php on line 34
[28-Nov-2021 03:38:37 Europe/Berlin] PHP Warning:  include(): Failed opening './ipn_listener.php' for inclusion (include_path='C:\xampp\php\PEAR') in D:\Epita\Gotta-Go-Hack\#1\Dokini\pages\confirm.php on line 34
[28-Nov-2021 03:38:37 Europe/Berlin] PHP Fatal error:  Uncaught Error: Class "IpnListener" not found in D:\Epita\Gotta-Go-Hack\#1\Dokini\pages\confirm.php:35
Stack trace:
#0 {main}
  thrown in D:\Epita\Gotta-Go-Hack\#1\Dokini\pages\confirm.php on line 35
[28-Nov-2021 03:40:09 Europe/Berlin] PHP Warning:  include(ipn_listener.php): Failed to open stream: No such file or directory in D:\Epita\Gotta-Go-Hack\#1\Dokini\pages\confirm.php on line 34
[28-Nov-2021 03:40:09 Europe/Berlin] PHP Warning:  include(): Failed opening 'ipn_listener.php' for inclusion (include_path='C:\xampp\php\PEAR') in D:\Epita\Gotta-Go-Hack\#1\Dokini\pages\confirm.php on line 34
[28-Nov-2021 03:40:09 Europe/Berlin] PHP Fatal error:  Uncaught Error: Class "IpnListener" not found in D:\Epita\Gotta-Go-Hack\#1\Dokini\pages\confirm.php:36
Stack trace:
#0 {main}
  thrown in D:\Epita\Gotta-Go-Hack\#1\Dokini\pages\confirm.php on line 36
[28-Nov-2021 03:40:36 Europe/Berlin] PHP Warning:  include(../ipn_listener.php): Failed to open stream: No such file or directory in D:\Epita\Gotta-Go-Hack\#1\Dokini\pages\confirm.php on line 34
[28-Nov-2021 03:40:36 Europe/Berlin] PHP Warning:  include(): Failed opening '../ipn_listener.php' for inclusion (include_path='C:\xampp\php\PEAR') in D:\Epita\Gotta-Go-Hack\#1\Dokini\pages\confirm.php on line 34
[28-Nov-2021 03:40:36 Europe/Berlin] PHP Fatal error:  Uncaught Error: Class "IpnListener" not found in D:\Epita\Gotta-Go-Hack\#1\Dokini\pages\confirm.php:36
Stack trace:
#0 {main}
  thrown in D:\Epita\Gotta-Go-Hack\#1\Dokini\pages\confirm.php on line 36
